-------------------------------------------------------------------------------
Test set: OrderTest
-------------------------------------------------------------------------------
Tests run: 4, Failures: 1, Errors: 0, Skipped: 0, Time elapsed: 4.487 s <<< FAILURE! - in OrderTest
orderCanNotBeCreatedByUnauthorizedUserTest(OrderTest)  Time elapsed: 0.576 s  <<< FAILURE!
java.lang.AssertionError: 
1 expectation failed.
Expected status code <401> but was <200>.

	at OrderTest.orderCanNotBeCreatedByUnauthorizedUserTest(OrderTest.java:45)

