-------------------------------------------------------------------------------
Test set: OrderTest
-------------------------------------------------------------------------------
Tests run: 4, Failures: 1, Errors: 0, Skipped: 0, Time elapsed: 4.168 s <<< FAILURE! - in OrderTest
orderCanNotBeCreatedByUnauthorizedUser(OrderTest)  Time elapsed: 0.502 s  <<< FAILURE!
java.lang.AssertionError: 
1 expectation failed.
Expected status code <401> but was <200>.

	at OrderTest.orderCanNotBeCreatedByUnauthorizedUser(OrderTest.java:45)

